<?xml version="1.0" encoding="UTF-8"?>
<!-- Generated by org.testng.reporters.JUnitXMLReporter -->
<testsuite ignored="0" hostname="AVI" failures="0" tests="7" name="Default test" time="0.054" errors="0" timestamp="2022-02-26T10:49:49 IST">
  <testcase classname="com.Aspire.framework.testNG.Grouping" name="m2" time="0.012"/>
  <testcase classname="com.Aspire.framework.testNG.Grouping" name="m3" time="0.001"/>
  <testcase classname="com.Aspire.framework.testNG.Grouping" name="m4" time="0.001"/>
  <testcase classname="com.Aspire.framework.testNG.Grouping" name="m5" time="0.001"/>
  <testcase classname="com.Aspire.framework.testNG.Grouping" name="m6" time="0.0"/>
  <testcase classname="com.Aspire.framework.testNG.Grouping" name="m7" time="0.001"/>
  <testcase classname="com.Aspire.framework.testNG.Grouping" name="m8" time="0.001"/>
</testsuite> <!-- Default test -->
