<?xml version="1.0" encoding="UTF-8"?>
<testng-results ignored="0" total="2" passed="2" failed="0" skipped="0">
  <reporter-output>
    <line>
      <![CDATA[Browser launch successful]]>
    </line>
    <line>
      <![CDATA[Click on login btn successful]]>
    </line>
    <line>
      <![CDATA[User name entered successful]]>
    </line>
    <line>
      <![CDATA[Enter Password successful]]>
    </line>
    <line>
      <![CDATA[User name entered successful]]>
    </line>
    <line>
      <![CDATA[User name verified successful]]>
    </line>
  </reporter-output>
  <suite started-at="2022-02-22T00:04:09 IST" name="Default suite" finished-at="2022-02-22T00:04:09 IST" duration-ms="38">
    <groups>
    </groups>
    <test started-at="2022-02-22T00:04:09 IST" name="Default test" finished-at="2022-02-22T00:04:09 IST" duration-ms="38">
      <class name="com.Aspire.framework.testNG.Annototations1">
        <test-method is-config="true" signature="browserlaunch()[pri:0, instance:com.Aspire.framework.testNG.Annototations1@243c4f91]" started-at="2022-02-22T00:04:09 IST" name="browserlaunch" finished-at="2022-02-22T00:04:09 IST" duration-ms="5" status="PASS">
          <reporter-output>
            <line>
              <![CDATA[Browser launch successful]]>
            </line>
          </reporter-output>
        </test-method> <!-- browserlaunch -->
        <test-method signature="Loginbtn()[pri:0, instance:com.Aspire.framework.testNG.Annototations1@243c4f91]" started-at="2022-02-22T00:04:09 IST" name="Loginbtn" finished-at="2022-02-22T00:04:09 IST" duration-ms="5" status="PASS">
          <reporter-output>
            <line>
              <![CDATA[Click on login btn successful]]>
            </line>
          </reporter-output>
        </test-method> <!-- Loginbtn -->
        <test-method is-config="true" signature="enterusername()[pri:0, instance:com.Aspire.framework.testNG.Annototations1@243c4f91]" started-at="2022-02-22T00:04:09 IST" name="enterusername" finished-at="2022-02-22T00:04:09 IST" duration-ms="1" status="PASS">
          <reporter-output>
            <line>
              <![CDATA[User name entered successful]]>
            </line>
          </reporter-output>
        </test-method> <!-- enterusername -->
        <test-method signature="enterpassword()[pri:0, instance:com.Aspire.framework.testNG.Annototations1@243c4f91]" started-at="2022-02-22T00:04:09 IST" name="enterpassword" finished-at="2022-02-22T00:04:09 IST" duration-ms="1" status="PASS">
          <reporter-output>
            <line>
              <![CDATA[Enter Password successful]]>
            </line>
          </reporter-output>
        </test-method> <!-- enterpassword -->
        <test-method is-config="true" signature="enterusername()[pri:0, instance:com.Aspire.framework.testNG.Annototations1@243c4f91]" started-at="2022-02-22T00:04:09 IST" name="enterusername" finished-at="2022-02-22T00:04:09 IST" duration-ms="1" status="PASS">
          <reporter-output>
            <line>
              <![CDATA[User name entered successful]]>
            </line>
          </reporter-output>
        </test-method> <!-- enterusername -->
        <test-method is-config="true" signature="verifyuser()[pri:0, instance:com.Aspire.framework.testNG.Annototations1@243c4f91]" started-at="2022-02-22T00:04:09 IST" name="verifyuser" finished-at="2022-02-22T00:04:09 IST" duration-ms="0" status="PASS">
          <reporter-output>
            <line>
              <![CDATA[User name verified successful]]>
            </line>
          </reporter-output>
        </test-method> <!-- verifyuser -->
      </class> <!-- com.Aspire.framework.testNG.Annototations1 -->
    </test> <!-- Default test -->
  </suite> <!-- Default suite -->
</testng-results>
